812
804
798
790
796
799
804
800
808
810
805
800
807
807
802
810
808
810
800
806
806
804
806
814
814
810
802
802
802
797
805
811
806
806
801
804
799
802
800
806
806
807
808
806
803
805
810
817
830
852
858
866
903
1013
1271
1896
2955
4942
9676
11536
9861
10260
10207
10118
9416
8780
8110
7574
6968
6739
800
6199
806
806
806
5251
806
806
806
4797
807
807
807
5379
808
808
808
808
806
806
806
6391
803
803
803
803
803
805
805
805
805
810
810
810
810
7565
817
817
817
817
8214
830
830
830
830
9465
852
852
852
852
13317
858
858
858
858
17491
866
866
866
866
22806
903
903
903
903
28115
1013
1013
1013
31645
1271
1271
1271
1271
35989
1896
1896
1896
1896
1896
1896
38788
2955
2955
2955
2955
41742
4942
4942
4942
4942
43345
9676
9676
9676
9676
43623
11536
11536
11536
11536
11536
44170
9861
9861
9861
9861
46140
10260
10260
10260
10260
46955
10207
10207
10207
10207
47523
10118
10118
10118
10118
47598
9416
9416
9416
9416
9416
46914
8780
8780
8780
8780
8780
46643
8110
8110
8110
8110
46814
7574
7574
7574
7574
7574
46785
6968
6968
6968
6968
6968
47580
6739
6739
6739
6739
6739
6739
49751
6199
6199
6199
6199
6199
6199
6199
53193
5251
5251
5251
5251
5251
5251
5251
53801
4797
4797
4797
4797
4797
4797
4797
4797
5379
5379
5379
5379
5379
5379
5379
5379
5554
5554
5554
5554
5554
5554
5554
5554
49633
6391
6391
6391
6391
6391
6391
6391
46529
803
803
803
803
803
803
803
7098
7098
7098
7098
7098
7098
7098
41969
7565
7565
7565
7565
7565
7565
7565
35439
8214
8214
8214
8214
8214
8214
32694
9465
9465
9465
9465
33628
13317
13317
13317
13317
13317
13317
13317
46465
17491
17491
17491
17491
17491
17491
17491
76401
22806
22806
22806
22806
22806
97359
28115
28115
28115
28115
28115
28115
28115
104750
31645
31645
31645
31645
31645
31645
108685
35989
35989
35989
35989
35989
35989
35989
115794
38788
38788
38788
38788
38788
38788
38788
38788
125225
41742
41742
41742
41742
41742
41742
41742
41742
130764
43345
43345
43345
43345
43345
43345
43345
43345
132750
43623
43623
43623
43623
43623
43623
43623
43623
134134
44170
44170
44170
44170
44170
44170
44170
44170
134574
46140
46140
46140
46140
46140
46140
46140
135578
46955
46955
46955
46955
46955
46955
136553
47523
47523
47523
47523
136932
47598
47598
47598
47598
47598
137140
46914
46914
46914
46914
46914
46914
137407
46643
46643
46643
46643
137427
46814
46814
46814
46814
46814
46814
137422
46785
46785
46785
46785
46785
46785
46785
137627
47580
47580
47580
47580
47580
47580
47580
47580
137933
49751
49751
49751
49751
49751
49751
138400
53193
53193
53193
53193
53193
53193
138177
53801
53801
53801
53801
53801
53801
53801
138008
53701
53701
53701
53701
53701
53701
53701
137875
52740
52740
52740
52740
52740
52740
52740
137770
49633
49633
49633
49633
49633
49633
49633
137933
46529
46529
46529
46529
46529
46529
138665
45566
45566
45566
45566
45566
45566
45566
138762
41969
41969
41969
41969
41969
138770
35439
35439
35439
35439
138484
32694
32694
32694
32694
32694
32694
32694
138056
33628
33628
33628
33628
33628
33628
33628
137691
46465
46465
46465
46465
46465
46465
46465
137639
76401
76401
76401
76401
76401
76401
137915
97359
97359
97359
97359
97359
97359
97359
138344
104750
104750
104750
104750
104750
104750
104750
108685
108685
108685
108685
108685
108685
108685
139691
115794
115794
115794
140110
125225
125225
125225
140344
130764
130764
130764
140587
132750
132750
132750
140754
134134
134134
134134
140882
134574
134574
134574
141061
135578
135578
135578
141236
136553
136553
136553
141280
136932
136932
136932
141251
137140
137140
137140
137140
137407
137407
137407
137407
137427
137427
137427
137427
141139
137422
137422
137422
137422
137422
137627
137627
137627
137627
141294
137933
137933
137933
137933
141330
138400
138400
138400
138400
138400
138177
138177
138177
138177
141564
138008
138008
138008
138008
141774
137875
137875
137875
137875
141869
137770
137770
137770
137770
141950
137933
137933
137933
137933
141978
138665
138665
138665
138665
141893
138762
138762
138762
138762
141741
138770
138770
138770
138770
141501
138484
138484
138484
138484
141234
138056
138056
138056
138056
141008
137691
137691
137691
137691
140765
137639
137639
137639
137639
140605
137915
137915
137915
137915
140571
138344
138344
138344
138344
140575
138894
138894
138894
138894
140587
139691
139691
139691
139691
140609
140110
140110
140110
140110
140574
140344
140344
140344
140344
140489
140587
140587
140587
140587
140424
140754
140754
140754
140754
140336
140882
140882
140882
140882
140235
141061
141061
141061
140144
141236
141236
141236
140001
141280
141280
141280
139828
141251
141251
141251
139743
140974
140974
140974
139666
141087
141087
141087
139600
141139
141139
141139
139556
137422
137422
137422
139506
141294
141294
141294
139438
141330
141330
141330
139468
138400
138400
138400
139399
141564
141564
141564
139369
141774
141774
141774
139416
141869
141869
141869
139408
141950
141950
141950
141950
141978
141978
141978
141978
141893
141893
141893
141893
141893
141741
141741
141741
141741
139451
141501
141501
141501
141501
139577
141234
141234
141234
141234
139758
141008
141008
141008
141008
139910
140765
140765
140765
140765
140025
140605
140605
140605
140605
140090
140571
140571
140571
140571
140182
140575
140575
140575
140575
140253
140587
140587
140587
140587
140266
140609
140609
140609
140609
140278
140574
140574
140574
140574
140308
140489
140489
140489
140489
140290
140424
140424
140424
140424
140269
140336
140336
140336
140336
140270
140235
140235
140235
140235
140270
140144
140144
140144
140144
140272
140001
140001
140001
140001
140229
139828
139828
139828
139828
140197
139743
139743
139743
139743
140204
139666
139666
139666
139666
140205
139600
139600
139600
139600
140165
139556
139556
139556
139556
140139
139506
139506
139506
139506
140117
139438
139438
139438
139438
140094
139468
139468
139468
139468
140083
139399
139399
139399
140090
139369
139369
139369
139369
140060
139416
139416
139416
139416
140022
139408
139408
139408
139998
139388
139388
139388
139995
139315
139315
139315
139990
141893
141893
141893
140009
139451
139451
139451
139986
139577
139577
139577
139945
139758
139758
139758
