769
761
761
769
774
771
758
757
750
749
751
761
755
756
760
757
759
760
767
761
756
762
757
758
756
764
764
763
758
781
775
769
762
757
746
753
757
754
755
760
756
748
756
761
755
766
809
845
903
964
994
1024
1153
1398
1858
2833
4461
7574
13877
16142
13845
13789
13454
13060
11995
11194
10322
9570
8767
8412
755
7744
760
760
760
6639
756
756
756
6012
748
748
748
748
756
756
756
756
761
761
761
7637
755
755
755
755
755
766
766
766
766
809
809
809
809
8818
845
845
845
845
9202
903
903
903
903
10587
964
964
964
964
14064
994
994
994
994
17819
1024
1024
1024
1024
21944
1153
1153
1153
1153
26050
1398
1398
1398
28645
1858
1858
1858
1858
32019
2833
2833
2833
2833
2833
2833
34075
4461
4461
4461
4461
36382
7574
7574
7574
7574
37966
13877
13877
13877
13877
38191
16142
16142
16142
16142
16142
38536
13845
13845
13845
13845
40152
13789
13789
13789
13789
40767
13454
13454
13454
13454
41024
13060
13060
13060
13060
40957
11995
11995
11995
11995
11995
40334
11194
11194
11194
11194
11194
40055
10322
10322
10322
10322
40141
9570
9570
9570
9570
9570
40069
8767
8767
8767
8767
8767
40559
8412
8412
8412
8412
8412
8412
42029
7744
7744
7744
7744
7744
7744
7744
7744
6639
6639
6639
6639
6639
6639
6639
44759
6012
6012
6012
6012
6012
6012
6012
6012
6417
6417
6417
6417
6417
6417
6417
6417
6815
6815
6815
6815
6815
6815
6815
6815
41945
7637
7637
7637
7637
7637
7637
7637
39846
755
755
755
755
755
755
755
8392
8392
8392
8392
8392
8392
8392
36955
8818
8818
8818
8818
8818
8818
8818
32665
9202
9202
9202
9202
9202
9202
30651
10587
10587
10587
10587
32208
14064
14064
14064
14064
14064
14064
14064
47878
17819
17819
17819
17819
17819
17819
17819
69990
21944
21944
21944
21944
21944
21944
26050
26050
26050
26050
26050
26050
26050
86118
28645
28645
28645
28645
28645
28645
88615
32019
32019
32019
32019
32019
32019
32019
92451
34075
34075
34075
34075
34075
34075
34075
34075
97654
36382
36382
36382
36382
36382
36382
36382
36382
101077
37966
37966
37966
37966
37966
37966
37966
37966
102617
38191
38191
38191
38191
38191
38191
38191
38191
103192
38536
38536
38536
38536
38536
38536
38536
38536
103378
40152
40152
40152
40152
40152
40152
40152
103887
40767
40767
40767
40767
40767
40767
104560
41024
41024
41024
41024
104744
40957
40957
40957
40957
40957
104719
40334
40334
40334
40334
40334
40334
104813
40055
40055
40055
40055
104773
40141
40141
40141
40141
40141
40141
104843
40069
40069
40069
40069
40069
40069
40069
104928
40559
40559
40559
40559
40559
40559
40559
40559
105149
42029
42029
42029
42029
42029
42029
105650
44232
44232
44232
44232
44232
44232
105661
44759
44759
44759
44759
44759
44759
44759
105589
44718
44718
44718
44718
44718
44718
44718
105519
44218
44218
44218
44218
44218
44218
44218
105501
41945
41945
41945
41945
41945
41945
41945
105651
39846
39846
39846
39846
39846
39846
106092
39228
39228
39228
39228
39228
39228
39228
106159
36955
36955
36955
36955
36955
106158
32665
32665
32665
32665
106034
30651
30651
30651
30651
30651
30651
30651
105840
32208
32208
32208
32208
32208
32208
32208
105566
47878
47878
47878
47878
47878
47878
47878
105454
69990
69990
69990
69990
69990
69990
69990
82114
82114
82114
82114
82114
82114
82114
105811
86118
86118
86118
86118
86118
86118
86118
88615
88615
88615
88615
88615
88615
88615
106332
92451
92451
92451
106484
97654
97654
97654
106557
101077
101077
101077
106655
102617
102617
102617
106732
103192
103192
103192
106782
103378
103378
103378
106869
103887
103887
103887
106930
104560
104560
104560
106925
104744
104744
104744
104744
104719
104719
104719
104719
104813
104813
104813
104813
104773
104773
104773
104773
106863
104843
104843
104843
104843
104843
104928
104928
104928
104928
106864
105149
105149
105149
105149
106909
105650
105650
105650
105650
105650
105661
105661
105661
105661
107142
105589
105589
105589
105589
107309
105519
105519
105519
105519
107321
105501
105501
105501
105501
107351
105651
105651
105651
105651
107364
106092
106092
106092
106092
107312
106159
106159
106159
106159
107209
106158
106158
106158
106158
107109
106034
106034
106034
106034
106998
105840
105840
105840
105840
106911
105566
105566
105566
105566
106815
105454
105454
105454
105454
106740
105657
105657
105657
105657
106736
105811
105811
105811
105811
106747
106065
106065
106065
106065
106765
106332
106332
106332
106332
106770
106484
106484
106484
106484
106773
106557
106557
106557
106557
106742
106655
106655
106655
106655
106705
106732
106732
106732
106732
106664
106782
106782
106782
106782
106615
106869
106869
106869
106568
106930
106930
106930
106508
106925
106925
106925
106461
106908
106908
106908
106446
106954
106954
106954
106423
106802
106802
106802
106389
106863
106863
106863
106372
104843
104843
104843
106351
106864
106864
106864
106331
106909
106909
106909
106320
105650
105650
105650
106300
107142
107142
107142
106271
107309
107309
107309
106255
107321
107321
107321
107321
107351
107351
107351
107351
107364
107364
107364
107364
107312
107312
107312
107312
107312
107209
107209
107209
107209
106183
107109
107109
107109
107109
106282
106998
106998
106998
106998
106200
106911
106911
106911
106911
106391
106815
106815
106815
106815
106392
106740
106740
106740
106740
106532
106736
106736
106736
106736
106691
106747
106747
106747
106747
106549
106765
106765
106765
106765
106617
106770
106770
106770
106770
106658
106773
106773
106773
106773
106646
106742
106742
106742
106742
106603
106705
106705
106705
106705
106600
106664
106664
106664
106664
106629
106615
106615
106615
106615
106612
106568
106568
106568
106568
106611
106508
106508
106508
106508
106593
106461
106461
106461
106461
106577
106446
106446
106446
106446
106580
106423
106423
106423
106423
106584
106389
106389
106389
106389
106565
106372
106372
106372
106372
106545
106351
106351
106351
106351
106537
106331
106331
106331
106331
106528
106320
106320
106320
106320
106531
106300
106300
106300
106528
106271
106271
106271
106271
106524
106255
106255
106255
106255
106503
106194
106194
106194
106491
106233
106233
106233
106487
106269
106269
106269
106492
107312
107312
107312
106499
106183
106183
106183
106506
106282
106282
106282
106510
106200
106200
106200
